#
# There is insufficient memory for the Java Runtime Environment to continue.
# Native memory allocation (malloc) failed to allocate 2570736 bytes for Chunk::new
# Possible reasons:
#   The system is out of physical RAM or swap space
#   The process is running with CompressedOops enabled, and the Java Heap may be blocking the growth of the native heap
# Possible solutions:
#   Reduce memory load on the system
#   Increase physical memory or swap space
#   Check if swap backing store is full
#   Decrease Java heap size (-Xmx/-Xms)
#   Decrease number of Java threads
#   Decrease Java thread stack sizes (-Xss)
#   Set larger code cache with -XX:ReservedCodeCacheSize=
#   JVM is running with Unscaled Compressed Oops mode in which the Java heap is
#     placed in the first 4GB address space. The Java Heap base address is the
#     maximum limit for the native heap growth. Please use -XX:HeapBaseMinAddress
#     to set the Java Heap base and to place the Java Heap above 4GB virtual address.
# This output file may be truncated or incomplete.
#
#  Out of Memory Error (./open/src/hotspot/share/memory/arena.cpp:197), pid=28892, tid=26832
#
# JRE version: Java(TM) SE Runtime Environment 18.9 (11.0.14+8) (build 11.0.14+8-LTS-263)
# Java VM: Java HotSpot(TM) 64-Bit Server VM 18.9 (11.0.14+8-LTS-263, mixed mode, tiered, compressed oops, g1 gc, windows-amd64)
# No core dump will be written. Minidumps are not enabled by default on client versions of Windows
#

---------------  S U M M A R Y ------------

Command Line: -javaagent:C:\Program Files\JetBrains\IntelliJ IDEA Community Edition 2022.2.2\lib\idea_rt.jar=52993:C:\Program Files\JetBrains\IntelliJ IDEA Community Edition 2022.2.2\bin -Dfile.encoding=UTF-8 com.example.SearchEngine.SearchEngineApplication

Host: Intel(R) Core(TM) i3-1005G1 CPU @ 1.20GHz, 4 cores, 7G,  Windows 10 , 64 bit Build 19041 (10.0.19041.2251)
Time: Wed Nov 30 22:29:26 2022 RTZ 2 (зима) elapsed time: 4.203098 seconds (0d 0h 0m 4s)

---------------  T H R E A D  ---------------

Current thread (0x000002147f9d2800):  JavaThread "C2 CompilerThread1" daemon [_thread_in_native, id=26832, stack(0x0000008b64e00000,0x0000008b64f00000)]


Current CompileTask:
C2:   4203 2562   !   4       jdk.internal.loader.BuiltinClassLoader::loadClassOrNull (143 bytes)

Stack: [0x0000008b64e00000,0x0000008b64f00000]
Native frames: (J=compiled Java code, j=interpreted, Vv=VM code, C=native code)
V  [jvm.dll+0x6296da]
V  [jvm.dll+0x76323f]
V  [jvm.dll+0x7648e9]
V  [jvm.dll+0x764f73]
V  [jvm.dll+0x23d7c8]
V  [jvm.dll+0xb297c]
V  [jvm.dll+0xb2f3c]
V  [jvm.dll+0x340e97]
V  [jvm.dll+0x18cb61]
V  [jvm.dll+0x1f8472]
V  [jvm.dll+0x1f754d]
V  [jvm.dll+0x177b21]
V  [jvm.dll+0x206e26]
V  [jvm.dll+0x204fbb]
V  [jvm.dll+0x729170]
V  [jvm.dll+0x721d44]
V  [jvm.dll+0x6285d6]
C  [ucrtbase.dll+0x21bb2]
C  [KERNEL32.DLL+0x174b4]
C  [ntdll.dll+0x526a1]


---------------  P R O C E S S  ---------------

Threads class SMR info:
_java_thread_list=0x00000214123941c0, length=12, elements={
0x0000021470842000, 0x000002147ed44800, 0x000002147ed36800, 0x000002147f6d2800,
0x000002147f6d3800, 0x000002147ed52800, 0x000002147ed54800, 0x000002147ed55800,
0x000002147ed5e800, 0x000002147eccb800, 0x000002147f9d2800, 0x000002141104c000
}

Java Threads: ( => current thread )
  0x0000021470842000 JavaThread "main" [_thread_in_Java, id=18680, stack(0x0000008b63e00000,0x0000008b63f00000)]
  0x000002147ed44800 JavaThread "Reference Handler" daemon [_thread_blocked, id=31452, stack(0x0000008b64500000,0x0000008b64600000)]
  0x000002147ed36800 JavaThread "Finalizer" daemon [_thread_blocked, id=33748, stack(0x0000008b64600000,0x0000008b64700000)]
  0x000002147f6d2800 JavaThread "Signal Dispatcher" daemon [_thread_blocked, id=34676, stack(0x0000008b64700000,0x0000008b64800000)]
  0x000002147f6d3800 JavaThread "Attach Listener" daemon [_thread_blocked, id=17148, stack(0x0000008b64800000,0x0000008b64900000)]
  0x000002147ed52800 JavaThread "Service Thread" daemon [_thread_blocked, id=2024, stack(0x0000008b64900000,0x0000008b64a00000)]
  0x000002147ed54800 JavaThread "C2 CompilerThread0" daemon [_thread_blocked, id=34468, stack(0x0000008b64a00000,0x0000008b64b00000)]
  0x000002147ed55800 JavaThread "C1 CompilerThread0" daemon [_thread_blocked, id=13520, stack(0x0000008b64b00000,0x0000008b64c00000)]
  0x000002147ed5e800 JavaThread "Sweeper thread" daemon [_thread_blocked, id=2980, stack(0x0000008b64c00000,0x0000008b64d00000)]
  0x000002147eccb800 JavaThread "Common-Cleaner" daemon [_thread_blocked, id=27352, stack(0x0000008b64d00000,0x0000008b64e00000)]
=>0x000002147f9d2800 JavaThread "C2 CompilerThread1" daemon [_thread_in_native, id=26832, stack(0x0000008b64e00000,0x0000008b64f00000)]
  0x000002141104c000 JavaThread "Monitor Ctrl-Break" daemon [_thread_in_native, id=15188, stack(0x0000008b64f00000,0x0000008b65000000)]

Other Threads:
  0x000002147ed11000 VMThread "VM Thread" [stack: 0x0000008b64400000,0x0000008b64500000] [id=19516]
  0x000002141104d000 WatcherThread [stack: 0x0000008b65000000,0x0000008b65100000] [id=21532]
  0x0000021470859800 GCTaskThread "GC Thread#0" [stack: 0x0000008b63f00000,0x0000008b64000000] [id=27384]
  0x0000021411989000 GCTaskThread "GC Thread#1" [stack: 0x0000008b65100000,0x0000008b65200000] [id=16264]
  0x0000021411887000 GCTaskThread "GC Thread#2" [stack: 0x0000008b65200000,0x0000008b65300000] [id=31204]
  0x00000214118d8800 GCTaskThread "GC Thread#3" [stack: 0x0000008b65500000,0x0000008b65600000] [id=12740]
  0x0000021470886800 ConcurrentGCThread "G1 Main Marker" [stack: 0x0000008b64000000,0x0000008b64100000] [id=15676]
  0x0000021470888800 ConcurrentGCThread "G1 Conc#0" [stack: 0x0000008b64100000,0x0000008b64200000] [id=22512]
  0x0000021470915000 ConcurrentGCThread "G1 Refine#0" [stack: 0x0000008b64200000,0x0000008b64300000] [id=10244]
  0x0000021411a73000 ConcurrentGCThread "G1 Refine#1" [stack: 0x0000008b65300000,0x0000008b65400000] [id=38756]
  0x0000021470916000 ConcurrentGCThread "G1 Young RemSet Sampling" [stack: 0x0000008b64300000,0x0000008b64400000] [id=27656]

Threads with active compile tasks:
C2 CompilerThread1   4240 2562   !   4       jdk.internal.loader.BuiltinClassLoader::loadClassOrNull (143 bytes)

VM state:not at safepoint (normal execution)

VM Mutex/Monitor currently owned by a thread: None

Heap address: 0x0000000083a00000, size: 1990 MB, Compressed Oops mode: 32-bit
Narrow klass base: 0x0000000000000000, Narrow klass shift: 3
Compressed class space size: 1073741824 Address: 0x0000000100000000

Heap:
 garbage-first heap   total 129024K, used 16033K [0x0000000083a00000, 0x0000000100000000)
  region size 1024K, 13 young (13312K), 5 survivors (5120K)
 Metaspace       used 28577K, capacity 29200K, committed 29440K, reserved 1075200K
  class space    used 3249K, capacity 3515K, committed 3584K, reserved 1048576K
Heap Regions: E=young(eden), S=young(survivor), O=old, HS=humongous(starts), HC=humongous(continues), CS=collection set, F=free, A=archive, TAMS=top-at-mark-start (previous, next)
|   0|0x0000000083a00000, 0x0000000083b00000, 0x0000000083b00000|100%| O|  |TAMS 0x0000000083b00000, 0x0000000083a00000| Untracked 
|   1|0x0000000083b00000, 0x0000000083c00000, 0x0000000083c00000|100%| O|  |TAMS 0x0000000083c00000, 0x0000000083b00000| Untracked 
|   2|0x0000000083c00000, 0x0000000083d00000, 0x0000000083d00000|100%| O|  |TAMS 0x0000000083d00000, 0x0000000083c00000| Untracked 
|   3|0x0000000083d00000, 0x0000000083e00000, 0x0000000083e00000|100%| O|  |TAMS 0x0000000083e00000, 0x0000000083d00000| Untracked 
|   4|0x0000000083e00000, 0x0000000083e85000, 0x0000000083f00000| 51%| O|  |TAMS 0x0000000083e85000, 0x0000000083e00000| Untracked 
|   5|0x0000000083f00000, 0x0000000083f00000, 0x0000000084000000|  0%| F|  |TAMS 0x0000000083f00000, 0x0000000083f00000| Untracked 
|   6|0x0000000084000000, 0x0000000084000000, 0x0000000084100000|  0%| F|  |TAMS 0x0000000084000000, 0x0000000084000000| Untracked 
|   7|0x0000000084100000, 0x0000000084100000, 0x0000000084200000|  0%| F|  |TAMS 0x0000000084100000, 0x0000000084100000| Untracked 
|   8|0x0000000084200000, 0x0000000084200000, 0x0000000084300000|  0%| F|  |TAMS 0x0000000084200000, 0x0000000084200000| Untracked 
|   9|0x0000000084300000, 0x0000000084300000, 0x0000000084400000|  0%| F|  |TAMS 0x0000000084300000, 0x0000000084300000| Untracked 
|  10|0x0000000084400000, 0x0000000084400000, 0x0000000084500000|  0%| F|  |TAMS 0x0000000084400000, 0x0000000084400000| Untracked 
|  11|0x0000000084500000, 0x0000000084500000, 0x0000000084600000|  0%| F|  |TAMS 0x0000000084500000, 0x0000000084500000| Untracked 
|  12|0x0000000084600000, 0x0000000084600000, 0x0000000084700000|  0%| F|  |TAMS 0x0000000084600000, 0x0000000084600000| Untracked 
|  13|0x0000000084700000, 0x0000000084700000, 0x0000000084800000|  0%| F|  |TAMS 0x0000000084700000, 0x0000000084700000| Untracked 
|  14|0x0000000084800000, 0x0000000084800000, 0x0000000084900000|  0%| F|  |TAMS 0x0000000084800000, 0x0000000084800000| Untracked 
|  15|0x0000000084900000, 0x0000000084900000, 0x0000000084a00000|  0%| F|  |TAMS 0x0000000084900000, 0x0000000084900000| Untracked 
|  16|0x0000000084a00000, 0x0000000084a00000, 0x0000000084b00000|  0%| F|  |TAMS 0x0000000084a00000, 0x0000000084a00000| Untracked 
|  17|0x0000000084b00000, 0x0000000084b00000, 0x0000000084c00000|  0%| F|  |TAMS 0x0000000084b00000, 0x0000000084b00000| Untracked 
|  18|0x0000000084c00000, 0x0000000084c00000, 0x0000000084d00000|  0%| F|  |TAMS 0x0000000084c00000, 0x0000000084c00000| Untracked 
|  19|0x0000000084d00000, 0x0000000084d00000, 0x0000000084e00000|  0%| F|  |TAMS 0x0000000084d00000, 0x0000000084d00000| Untracked 
|  20|0x0000000084e00000, 0x0000000084e00000, 0x0000000084f00000|  0%| F|  |TAMS 0x0000000084e00000, 0x0000000084e00000| Untracked 
|  21|0x0000000084f00000, 0x0000000084f00000, 0x0000000085000000|  0%| F|  |TAMS 0x0000000084f00000, 0x0000000084f00000| Untracked 
|  22|0x0000000085000000, 0x0000000085000000, 0x0000000085100000|  0%| F|  |TAMS 0x0000000085000000, 0x0000000085000000| Untracked 
|  23|0x0000000085100000, 0x0000000085100000, 0x0000000085200000|  0%| F|  |TAMS 0x0000000085100000, 0x0000000085100000| Untracked 
|  24|0x0000000085200000, 0x0000000085200000, 0x0000000085300000|  0%| F|  |TAMS 0x0000000085200000, 0x0000000085200000| Untracked 
|  25|0x0000000085300000, 0x0000000085300000, 0x0000000085400000|  0%| F|  |TAMS 0x0000000085300000, 0x0000000085300000| Untracked 
|  26|0x0000000085400000, 0x0000000085400000, 0x0000000085500000|  0%| F|  |TAMS 0x0000000085400000, 0x0000000085400000| Untracked 
|  27|0x0000000085500000, 0x0000000085500000, 0x0000000085600000|  0%| F|  |TAMS 0x0000000085500000, 0x0000000085500000| Untracked 
|  28|0x0000000085600000, 0x0000000085600000, 0x0000000085700000|  0%| F|  |TAMS 0x0000000085600000, 0x0000000085600000| Untracked 
|  29|0x0000000085700000, 0x0000000085700000, 0x0000000085800000|  0%| F|  |TAMS 0x0000000085700000, 0x0000000085700000| Untracked 
|  30|0x0000000085800000, 0x0000000085800000, 0x0000000085900000|  0%| F|  |TAMS 0x0000000085800000, 0x0000000085800000| Untracked 
|  31|0x0000000085900000, 0x0000000085900000, 0x0000000085a00000|  0%| F|  |TAMS 0x0000000085900000, 0x0000000085900000| Untracked 
|  32|0x0000000085a00000, 0x0000000085a00000, 0x0000000085b00000|  0%| F|  |TAMS 0x0000000085a00000, 0x0000000085a00000| Untracked 
|  33|0x0000000085b00000, 0x0000000085b00000, 0x0000000085c00000|  0%| F|  |TAMS 0x0000000085b00000, 0x0000000085b00000| Untracked 
|  34|0x0000000085c00000, 0x0000000085c00000, 0x0000000085d00000|  0%| F|  |TAMS 0x0000000085c00000, 0x0000000085c00000| Untracked 
|  35|0x0000000085d00000, 0x0000000085d00000, 0x0000000085e00000|  0%| F|  |TAMS 0x0000000085d00000, 0x0000000085d00000| Untracked 
|  36|0x0000000085e00000, 0x0000000085e00000, 0x0000000085f00000|  0%| F|  |TAMS 0x0000000085e00000, 0x0000000085e00000| Untracked 
|  37|0x0000000085f00000, 0x0000000085f00000, 0x0000000086000000|  0%| F|  |TAMS 0x0000000085f00000, 0x0000000085f00000| Untracked 
|  38|0x0000000086000000, 0x0000000086000000, 0x0000000086100000|  0%| F|  |TAMS 0x0000000086000000, 0x0000000086000000| Untracked 
|  39|0x0000000086100000, 0x0000000086100000, 0x0000000086200000|  0%| F|  |TAMS 0x0000000086100000, 0x0000000086100000| Untracked 
|  40|0x0000000086200000, 0x0000000086200000, 0x0000000086300000|  0%| F|  |TAMS 0x0000000086200000, 0x0000000086200000| Untracked 
|  41|0x0000000086300000, 0x0000000086300000, 0x0000000086400000|  0%| F|  |TAMS 0x0000000086300000, 0x0000000086300000| Untracked 
|  42|0x0000000086400000, 0x0000000086400000, 0x0000000086500000|  0%| F|  |TAMS 0x0000000086400000, 0x0000000086400000| Untracked 
|  43|0x0000000086500000, 0x0000000086500000, 0x0000000086600000|  0%| F|  |TAMS 0x0000000086500000, 0x0000000086500000| Untracked 
|  44|0x0000000086600000, 0x0000000086600000, 0x0000000086700000|  0%| F|  |TAMS 0x0000000086600000, 0x0000000086600000| Untracked 
|  45|0x0000000086700000, 0x0000000086700000, 0x0000000086800000|  0%| F|  |TAMS 0x0000000086700000, 0x0000000086700000| Untracked 
|  46|0x0000000086800000, 0x0000000086800000, 0x0000000086900000|  0%| F|  |TAMS 0x0000000086800000, 0x0000000086800000| Untracked 
|  47|0x0000000086900000, 0x0000000086900000, 0x0000000086a00000|  0%| F|  |TAMS 0x0000000086900000, 0x0000000086900000| Untracked 
|  48|0x0000000086a00000, 0x0000000086a00000, 0x0000000086b00000|  0%| F|  |TAMS 0x0000000086a00000, 0x0000000086a00000| Untracked 
|  49|0x0000000086b00000, 0x0000000086b00000, 0x0000000086c00000|  0%| F|  |TAMS 0x0000000086b00000, 0x0000000086b00000| Untracked 
|  50|0x0000000086c00000, 0x0000000086c00000, 0x0000000086d00000|  0%| F|  |TAMS 0x0000000086c00000, 0x0000000086c00000| Untracked 
|  51|0x0000000086d00000, 0x0000000086d00000, 0x0000000086e00000|  0%| F|  |TAMS 0x0000000086d00000, 0x0000000086d00000| Untracked 
|  52|0x0000000086e00000, 0x0000000086e00000, 0x0000000086f00000|  0%| F|  |TAMS 0x0000000086e00000, 0x0000000086e00000| Untracked 
|  53|0x0000000086f00000, 0x0000000086f00000, 0x0000000087000000|  0%| F|  |TAMS 0x0000000086f00000, 0x0000000086f00000| Untracked 
|  54|0x0000000087000000, 0x0000000087000000, 0x0000000087100000|  0%| F|  |TAMS 0x0000000087000000, 0x0000000087000000| Untracked 
|  55|0x0000000087100000, 0x0000000087100000, 0x0000000087200000|  0%| F|  |TAMS 0x0000000087100000, 0x0000000087100000| Untracked 
|  56|0x0000000087200000, 0x0000000087200000, 0x0000000087300000|  0%| F|  |TAMS 0x0000000087200000, 0x0000000087200000| Untracked 
|  57|0x0000000087300000, 0x0000000087300000, 0x0000000087400000|  0%| F|  |TAMS 0x0000000087300000, 0x0000000087300000| Untracked 
|  58|0x0000000087400000, 0x0000000087400000, 0x0000000087500000|  0%| F|  |TAMS 0x0000000087400000, 0x0000000087400000| Untracked 
|  59|0x0000000087500000, 0x0000000087500000, 0x0000000087600000|  0%| F|  |TAMS 0x0000000087500000, 0x0000000087500000| Untracked 
|  60|0x0000000087600000, 0x0000000087600000, 0x0000000087700000|  0%| F|  |TAMS 0x0000000087600000, 0x0000000087600000| Untracked 
|  61|0x0000000087700000, 0x0000000087700000, 0x0000000087800000|  0%| F|  |TAMS 0x0000000087700000, 0x0000000087700000| Untracked 
|  62|0x0000000087800000, 0x0000000087800000, 0x0000000087900000|  0%| F|  |TAMS 0x0000000087800000, 0x0000000087800000| Untracked 
|  63|0x0000000087900000, 0x0000000087900000, 0x0000000087a00000|  0%| F|  |TAMS 0x0000000087900000, 0x0000000087900000| Untracked 
|  64|0x0000000087a00000, 0x0000000087a00000, 0x0000000087b00000|  0%| F|  |TAMS 0x0000000087a00000, 0x0000000087a00000| Untracked 
|  65|0x0000000087b00000, 0x0000000087b00000, 0x0000000087c00000|  0%| F|  |TAMS 0x0000000087b00000, 0x0000000087b00000| Untracked 
|  66|0x0000000087c00000, 0x0000000087c00000, 0x0000000087d00000|  0%| F|  |TAMS 0x0000000087c00000, 0x0000000087c00000| Untracked 
|  67|0x0000000087d00000, 0x0000000087d00000, 0x0000000087e00000|  0%| F|  |TAMS 0x0000000087d00000, 0x0000000087d00000| Untracked 
|  68|0x0000000087e00000, 0x0000000087e00000, 0x0000000087f00000|  0%| F|  |TAMS 0x0000000087e00000, 0x0000000087e00000| Untracked 
|  69|0x0000000087f00000, 0x0000000087f00000, 0x0000000088000000|  0%| F|  |TAMS 0x0000000087f00000, 0x0000000087f00000| Untracked 
|  70|0x0000000088000000, 0x0000000088000000, 0x0000000088100000|  0%| F|  |TAMS 0x0000000088000000, 0x0000000088000000| Untracked 
|  71|0x0000000088100000, 0x0000000088100000, 0x0000000088200000|  0%| F|  |TAMS 0x0000000088100000, 0x0000000088100000| Untracked 
|  72|0x0000000088200000, 0x0000000088223738, 0x0000000088300000| 13%| S|CS|TAMS 0x0000000088200000, 0x0000000088200000| Complete 
|  73|0x0000000088300000, 0x0000000088400000, 0x0000000088400000|100%| S|CS|TAMS 0x0000000088300000, 0x0000000088300000| Complete 
|  74|0x0000000088400000, 0x0000000088500000, 0x0000000088500000|100%| S|CS|TAMS 0x0000000088400000, 0x0000000088400000| Complete 
|  75|0x0000000088500000, 0x0000000088600000, 0x0000000088600000|100%| S|CS|TAMS 0x0000000088500000, 0x0000000088500000| Complete 
|  76|0x0000000088600000, 0x0000000088700000, 0x0000000088700000|100%| S|CS|TAMS 0x0000000088600000, 0x0000000088600000| Complete 
|  77|0x0000000088700000, 0x0000000088700000, 0x0000000088800000|  0%| F|  |TAMS 0x0000000088700000, 0x0000000088700000| Untracked 
|  78|0x0000000088800000, 0x0000000088800000, 0x0000000088900000|  0%| F|  |TAMS 0x0000000088800000, 0x0000000088800000| Untracked 
|  79|0x0000000088900000, 0x0000000088900000, 0x0000000088a00000|  0%| F|  |TAMS 0x0000000088900000, 0x0000000088900000| Untracked 
|  80|0x0000000088a00000, 0x0000000088a00000, 0x0000000088b00000|  0%| F|  |TAMS 0x0000000088a00000, 0x0000000088a00000| Untracked 
|  81|0x0000000088b00000, 0x0000000088b00000, 0x0000000088c00000|  0%| F|  |TAMS 0x0000000088b00000, 0x0000000088b00000| Untracked 
|  82|0x0000000088c00000, 0x0000000088c00000, 0x0000000088d00000|  0%| F|  |TAMS 0x0000000088c00000, 0x0000000088c00000| Untracked 
|  83|0x0000000088d00000, 0x0000000088d00000, 0x0000000088e00000|  0%| F|  |TAMS 0x0000000088d00000, 0x0000000088d00000| Untracked 
|  84|0x0000000088e00000, 0x0000000088e00000, 0x0000000088f00000|  0%| F|  |TAMS 0x0000000088e00000, 0x0000000088e00000| Untracked 
|  85|0x0000000088f00000, 0x0000000088f00000, 0x0000000089000000|  0%| F|  |TAMS 0x0000000088f00000, 0x0000000088f00000| Untracked 
|  86|0x0000000089000000, 0x0000000089000000, 0x0000000089100000|  0%| F|  |TAMS 0x0000000089000000, 0x0000000089000000| Untracked 
|  87|0x0000000089100000, 0x0000000089100000, 0x0000000089200000|  0%| F|  |TAMS 0x0000000089100000, 0x0000000089100000| Untracked 
|  88|0x0000000089200000, 0x0000000089200000, 0x0000000089300000|  0%| F|  |TAMS 0x0000000089200000, 0x0000000089200000| Untracked 
|  89|0x0000000089300000, 0x0000000089300000, 0x0000000089400000|  0%| F|  |TAMS 0x0000000089300000, 0x0000000089300000| Untracked 
|  90|0x0000000089400000, 0x0000000089400000, 0x0000000089500000|  0%| F|  |TAMS 0x0000000089400000, 0x0000000089400000| Untracked 
|  91|0x0000000089500000, 0x0000000089500000, 0x0000000089600000|  0%| F|  |TAMS 0x0000000089500000, 0x0000000089500000| Untracked 
|  92|0x0000000089600000, 0x0000000089600000, 0x0000000089700000|  0%| F|  |TAMS 0x0000000089600000, 0x0000000089600000| Untracked 
|  93|0x0000000089700000, 0x0000000089700000, 0x0000000089800000|  0%| F|  |TAMS 0x0000000089700000, 0x0000000089700000| Untracked 
|  94|0x0000000089800000, 0x0000000089800000, 0x0000000089900000|  0%| F|  |TAMS 0x0000000089800000, 0x0000000089800000| Untracked 
|  95|0x0000000089900000, 0x0000000089900000, 0x0000000089a00000|  0%| F|  |TAMS 0x0000000089900000, 0x0000000089900000| Untracked 
|  96|0x0000000089a00000, 0x0000000089a00000, 0x0000000089b00000|  0%| F|  |TAMS 0x0000000089a00000, 0x0000000089a00000| Untracked 
|  97|0x0000000089b00000, 0x0000000089b00000, 0x0000000089c00000|  0%| F|  |TAMS 0x0000000089b00000, 0x0000000089b00000| Untracked 
|  98|0x0000000089c00000, 0x0000000089c00000, 0x0000000089d00000|  0%| F|  |TAMS 0x0000000089c00000, 0x0000000089c00000| Untracked 
|  99|0x0000000089d00000, 0x0000000089d00000, 0x0000000089e00000|  0%| F|  |TAMS 0x0000000089d00000, 0x0000000089d00000| Untracked 
| 100|0x0000000089e00000, 0x0000000089e00000, 0x0000000089f00000|  0%| F|  |TAMS 0x0000000089e00000, 0x0000000089e00000| Untracked 
| 101|0x0000000089f00000, 0x0000000089f00000, 0x000000008a000000|  0%| F|  |TAMS 0x0000000089f00000, 0x0000000089f00000| Untracked 
| 102|0x000000008a000000, 0x000000008a000000, 0x000000008a100000|  0%| F|  |TAMS 0x000000008a000000, 0x000000008a000000| Untracked 
| 103|0x000000008a100000, 0x000000008a100000, 0x000000008a200000|  0%| F|  |TAMS 0x000000008a100000, 0x000000008a100000| Untracked 
| 104|0x000000008a200000, 0x000000008a200000, 0x000000008a300000|  0%| F|  |TAMS 0x000000008a200000, 0x000000008a200000| Untracked 
| 105|0x000000008a300000, 0x000000008a300000, 0x000000008a400000|  0%| F|  |TAMS 0x000000008a300000, 0x000000008a300000| Untracked 
| 106|0x000000008a400000, 0x000000008a400000, 0x000000008a500000|  0%| F|  |TAMS 0x000000008a400000, 0x000000008a400000| Untracked 
| 107|0x000000008a500000, 0x000000008a500000, 0x000000008a600000|  0%| F|  |TAMS 0x000000008a500000, 0x000000008a500000| Untracked 
| 108|0x000000008a600000, 0x000000008a600000, 0x000000008a700000|  0%| F|  |TAMS 0x000000008a600000, 0x000000008a600000| Untracked 
| 109|0x000000008a700000, 0x000000008a700000, 0x000000008a800000|  0%| F|  |TAMS 0x000000008a700000, 0x000000008a700000| Untracked 
| 110|0x000000008a800000, 0x000000008a800000, 0x000000008a900000|  0%| F|  |TAMS 0x000000008a800000, 0x000000008a800000| Untracked 
| 111|0x000000008a900000, 0x000000008a900000, 0x000000008aa00000|  0%| F|  |TAMS 0x000000008a900000, 0x000000008a900000| Untracked 
| 112|0x000000008aa00000, 0x000000008aa00000, 0x000000008ab00000|  0%| F|  |TAMS 0x000000008aa00000, 0x000000008aa00000| Untracked 
| 113|0x000000008ab00000, 0x000000008ab00000, 0x000000008ac00000|  0%| F|  |TAMS 0x000000008ab00000, 0x000000008ab00000| Untracked 
| 114|0x000000008ac00000, 0x000000008ac00000, 0x000000008ad00000|  0%| F|  |TAMS 0x000000008ac00000, 0x000000008ac00000| Untracked 
| 115|0x000000008ad00000, 0x000000008ad00000, 0x000000008ae00000|  0%| F|  |TAMS 0x000000008ad00000, 0x000000008ad00000| Untracked 
| 116|0x000000008ae00000, 0x000000008ae00000, 0x000000008af00000|  0%| F|  |TAMS 0x000000008ae00000, 0x000000008ae00000| Untracked 
| 117|0x000000008af00000, 0x000000008af00000, 0x000000008b000000|  0%| F|  |TAMS 0x000000008af00000, 0x000000008af00000| Untracked 
| 118|0x000000008b000000, 0x000000008b080800, 0x000000008b100000| 50%| E|  |TAMS 0x000000008b000000, 0x000000008b000000| Complete 
| 119|0x000000008b100000, 0x000000008b200000, 0x000000008b200000|100%| E|CS|TAMS 0x000000008b100000, 0x000000008b100000| Complete 
| 120|0x000000008b200000, 0x000000008b300000, 0x000000008b300000|100%| E|CS|TAMS 0x000000008b200000, 0x000000008b200000| Complete 
| 121|0x000000008b300000, 0x000000008b400000, 0x000000008b400000|100%| E|CS|TAMS 0x000000008b300000, 0x000000008b300000| Complete 
| 122|0x000000008b400000, 0x000000008b500000, 0x000000008b500000|100%| E|CS|TAMS 0x000000008b400000, 0x000000008b400000| Complete 
| 123|0x000000008b500000, 0x000000008b600000, 0x000000008b600000|100%| E|CS|TAMS 0x000000008b500000, 0x000000008b500000| Complete 
| 124|0x000000008b600000, 0x000000008b700000, 0x000000008b700000|100%| E|CS|TAMS 0x000000008b600000, 0x000000008b600000| Complete 
| 125|0x000000008b700000, 0x000000008b800000, 0x000000008b800000|100%| E|CS|TAMS 0x000000008b700000, 0x000000008b700000| Complete 

Card table byte_map: [0x000002147a0d0000,0x000002147a4c0000] _byte_map_base: 0x0000021479cb3000

Marking Bits (Prev, Next): (CMBitMap*) 0x000002147087dbf0, (CMBitMap*) 0x000002147087dbb8
 Prev Bits: [0x000002147c7d0000, 0x000002147e6e8000)
 Next Bits: [0x000002147a8b0000, 0x000002147c7c8000)

Polling page: 0x0000021470920000

Metaspace:

Usage:
  Non-class:     25.15 MB capacity,    24.74 MB ( 98%) used,   333.82 KB (  1%) free+waste,    78.00 KB ( <1%) overhead. 
      Class:      3.43 MB capacity,     3.18 MB ( 93%) used,   224.73 KB (  6%) free+waste,    38.06 KB (  1%) overhead. 
       Both:     28.58 MB capacity,    27.92 MB ( 98%) used,   558.55 KB (  2%) free+waste,   116.06 KB ( <1%) overhead. 

Virtual space:
  Non-class space:       26.00 MB reserved,      25.25 MB ( 97%) committed 
      Class space:        1.00 GB reserved,       3.50 MB ( <1%) committed 
             Both:        1.03 GB reserved,      28.75 MB (  3%) committed 

Chunk freelists:
   Non-Class:  5.38 KB
       Class:  640 bytes
        Both:  6.00 KB

CodeHeap 'non-profiled nmethods': size=120064Kb used=1182Kb max_used=1182Kb free=118882Kb
 bounds [0x0000021407ac0000, 0x0000021407d30000, 0x000002140f000000]
CodeHeap 'profiled nmethods': size=120000Kb used=5491Kb max_used=5491Kb free=114508Kb
 bounds [0x0000021400590000, 0x0000021400af0000, 0x0000021407ac0000]
CodeHeap 'non-nmethods': size=5696Kb used=1136Kb max_used=1176Kb free=4559Kb
 bounds [0x0000021400000000, 0x0000021400270000, 0x0000021400590000]
 total_blobs=3203 nmethods=2759 adapters=355
 compilation: enabled
              stopped_count=0, restarted_count=0
 full_count=0

Compilation events (10 events):
Event: 4.179 Thread 0x000002147ed55800 2751       3       java.lang.reflect.Proxy::getProxyConstructor (92 bytes)
Event: 4.180 Thread 0x000002147ed55800 nmethod 2751 0x0000021400ae5d10 code [0x0000021400ae6020, 0x0000021400ae76b8]
Event: 4.181 Thread 0x000002147ed55800 2753   !   3       java.lang.reflect.Proxy::newProxyInstance (75 bytes)
Event: 4.181 Thread 0x000002147ed55800 nmethod 2753 0x0000021400ae7c90 code [0x0000021400ae7f20, 0x0000021400ae8c78]
Event: 4.181 Thread 0x000002147ed55800 2752       3       java.lang.ClassLoader::createOrGetClassLoaderValueMap (37 bytes)
Event: 4.182 Thread 0x000002147ed55800 nmethod 2752 0x0000021400ae9310 code [0x0000021400ae9500, 0x0000021400ae9a48]
Event: 4.186 Thread 0x000002147ed55800 2754       3       org.springframework.beans.factory.support.AbstractBeanDefinition::hasConstructorArgumentValues (23 bytes)
Event: 4.186 Thread 0x000002147ed55800 nmethod 2754 0x0000021400ae9c90 code [0x0000021400ae9e40, 0x0000021400aea008]
Event: 4.188 Thread 0x000002147ed55800 2755       3       org.springframework.core.annotation.OrderUtils::getOrderFromAnnotations (70 bytes)
Event: 4.189 Thread 0x000002147ed55800 nmethod 2755 0x0000021400aea090 code [0x0000021400aea2a0, 0x0000021400aea918]

GC Heap History (10 events):
Event: 1.087 GC heap before
{Heap before GC invocations=0 (full 0):
 garbage-first heap   total 129024K, used 13312K [0x0000000083a00000, 0x0000000100000000)
  region size 1024K, 14 young (14336K), 0 survivors (0K)
 Metaspace       used 11445K, capacity 11656K, committed 11776K, reserved 1060864K
  class space    used 1132K, capacity 1209K, committed 1280K, reserved 1048576K
}
Event: 1.092 GC heap after
{Heap after GC invocations=1 (full 0):
 garbage-first heap   total 129024K, used 4409K [0x0000000083a00000, 0x0000000100000000)
  region size 1024K, 2 young (2048K), 2 survivors (2048K)
 Metaspace       used 11445K, capacity 11656K, committed 11776K, reserved 1060864K
  class space    used 1132K, capacity 1209K, committed 1280K, reserved 1048576K
}
Event: 1.350 GC heap before
{Heap before GC invocations=1 (full 0):
 garbage-first heap   total 129024K, used 12601K [0x0000000083a00000, 0x0000000100000000)
  region size 1024K, 10 young (10240K), 2 survivors (2048K)
 Metaspace       used 13477K, capacity 13715K, committed 13824K, reserved 1060864K
  class space    used 1383K, capacity 1474K, committed 1536K, reserved 1048576K
}
Event: 1.353 GC heap after
{Heap after GC invocations=2 (full 0):
 garbage-first heap   total 129024K, used 5361K [0x0000000083a00000, 0x0000000100000000)
  region size 1024K, 1 young (1024K), 1 survivors (1024K)
 Metaspace       used 13477K, capacity 13715K, committed 13824K, reserved 1060864K
  class space    used 1383K, capacity 1474K, committed 1536K, reserved 1048576K
}
Event: 2.175 GC heap before
{Heap before GC invocations=2 (full 0):
 garbage-first heap   total 129024K, used 30961K [0x0000000083a00000, 0x0000000100000000)
  region size 1024K, 27 young (27648K), 1 survivors (1024K)
 Metaspace       used 20356K, capacity 20879K, committed 20992K, reserved 1067008K
  class space    used 2260K, capacity 2456K, committed 2560K, reserved 1048576K
}
Event: 2.183 GC heap after
{Heap after GC invocations=3 (full 0):
 garbage-first heap   total 129024K, used 6957K [0x0000000083a00000, 0x0000000100000000)
  region size 1024K, 3 young (3072K), 3 survivors (3072K)
 Metaspace       used 20356K, capacity 20879K, committed 20992K, reserved 1067008K
  class space    used 2260K, capacity 2456K, committed 2560K, reserved 1048576K
}
Event: 2.201 GC heap before
{Heap before GC invocations=3 (full 0):
 garbage-first heap   total 129024K, used 7981K [0x0000000083a00000, 0x0000000100000000)
  region size 1024K, 5 young (5120K), 3 survivors (3072K)
 Metaspace       used 20689K, capacity 21173K, committed 21248K, reserved 1069056K
  class space    used 2292K, capacity 2490K, committed 2560K, reserved 1048576K
}
Event: 2.203 GC heap after
{Heap after GC invocations=4 (full 0):
 garbage-first heap   total 129024K, used 7039K [0x0000000083a00000, 0x0000000100000000)
  region size 1024K, 3 young (3072K), 3 survivors (3072K)
 Metaspace       used 20689K, capacity 21173K, committed 21248K, reserved 1069056K
  class space    used 2292K, capacity 2490K, committed 2560K, reserved 1048576K
}
Event: 3.572 GC heap before
{Heap before GC invocations=5 (full 0):
 garbage-first heap   total 129024K, used 53119K [0x0000000083a00000, 0x0000000100000000)
  region size 1024K, 49 young (50176K), 3 survivors (3072K)
 Metaspace       used 27607K, capacity 28237K, committed 28544K, reserved 1075200K
  class space    used 3136K, capacity 3371K, committed 3456K, reserved 1048576K
}
Event: 3.581 GC heap after
{Heap after GC invocations=6 (full 0):
 garbage-first heap   total 129024K, used 8865K [0x0000000083a00000, 0x0000000100000000)
  region size 1024K, 5 young (5120K), 5 survivors (5120K)
 Metaspace       used 27607K, capacity 28237K, committed 28544K, reserved 1075200K
  class space    used 3136K, capacity 3371K, committed 3456K, reserved 1048576K
}

Deoptimization events (10 events):
Event: 2.540 Thread 0x0000021470842000 Uncommon trap: reason=unstable_if action=reinterpret pc=0x0000021407adfd6c method=java.util.zip.ZipFile$Source.getEntryPos([BZ)I @ 156 c2
Event: 2.540 Thread 0x00000214118ec000 Uncommon trap: reason=unstable_if action=reinterpret pc=0x0000021407b2ae44 method=jdk.internal.org.objectweb.asm.Type.getArgumentsAndReturnSizes(Ljava/lang/String;)I @ 47 c2
Event: 2.724 Thread 0x00000214118ec000 Uncommon trap: reason=unstable_if action=reinterpret pc=0x0000021407b41430 method=java.util.concurrent.ConcurrentHashMap.addCount(JI)V @ 34 c2
Event: 3.202 Thread 0x0000021470842000 Uncommon trap: reason=intrinsic_or_type_checked_inlining action=make_not_entrant pc=0x0000021407bb7158 method=java.util.Arrays.copyOf([Ljava/lang/Object;ILjava/lang/Class;)[Ljava/lang/Object; @ 35 c2
Event: 3.275 Thread 0x0000021470842000 Uncommon trap: reason=class_check action=maybe_recompile pc=0x0000021407ac9fdc method=java.lang.String.equals(Ljava/lang/Object;)Z @ 8 c2
Event: 3.275 Thread 0x0000021470842000 Uncommon trap: reason=class_check action=maybe_recompile pc=0x0000021407ac9fdc method=java.lang.String.equals(Ljava/lang/Object;)Z @ 8 c2
Event: 3.275 Thread 0x0000021470842000 Uncommon trap: reason=class_check action=maybe_recompile pc=0x0000021407ac9fdc method=java.lang.String.equals(Ljava/lang/Object;)Z @ 8 c2
Event: 3.277 Thread 0x0000021470842000 Uncommon trap: reason=class_check action=maybe_recompile pc=0x0000021407bbaca8 method=java.lang.String.equals(Ljava/lang/Object;)Z @ 8 c2
Event: 3.277 Thread 0x0000021470842000 Uncommon trap: reason=class_check action=maybe_recompile pc=0x0000021407ac9fdc method=java.lang.String.equals(Ljava/lang/Object;)Z @ 8 c2
Event: 3.669 Thread 0x0000021470842000 Uncommon trap: reason=unstable_if action=reinterpret pc=0x0000021407b5ac1c method=java.util.Arrays.equals([Ljava/lang/Object;[Ljava/lang/Object;)Z @ 44 c2

Classes redefined (0 events):
No events

Internal exceptions (10 events):
Event: 2.511 Thread 0x0000021470842000 Exception <a 'java/lang/ClassNotFoundException'{0x000000008a285e90}: org/springframework/beans/factory/AwareCustomizer> (0x000000008a285e90) thrown at [./open/src/hotspot/share/classfile/systemDictionary.cpp, line 226]
Event: 2.539 Thread 0x0000021470842000 Exception <a 'java/lang/NoSuchMethodError'{0x000000008a0c64f8}: java.lang.invoke.DirectMethodHandle$Holder.invokeVirtual(Ljava/lang/Object;Ljava/lang/Object;Ljava/lang/Object;)Ljava/lang/Object;> (0x000000008a0c64f8) thrown at [./open/src/hotspot/share/in
Event: 2.540 Thread 0x00000214118ec000 Exception <a 'java/lang/NoSuchMethodError'{0x0000000089f2d668}: java.lang.invoke.DirectMethodHandle$Holder.invokeSpecial(Ljava/lang/Object;Ljava/lang/Object;)J> (0x0000000089f2d668) thrown at [./open/src/hotspot/share/interpreter/linkResolver.cpp, line 77
Event: 2.542 Thread 0x00000214118ec000 Exception <a 'java/lang/NoSuchMethodError'{0x0000000089f37c58}: java.lang.invoke.DirectMethodHandle$Holder.invokeStatic(Ljava/lang/Object;Ljava/lang/Object;)J> (0x0000000089f37c58) thrown at [./open/src/hotspot/share/interpreter/linkResolver.cpp, line 772
Event: 2.543 Thread 0x00000214118ec000 Exception <a 'java/lang/NoSuchMethodError'{0x0000000089f3aa80}: java.lang.invoke.DirectMethodHandle$Holder.invokeStaticInit(Ljava/lang/Object;Ljava/lang/Object;)J> (0x0000000089f3aa80) thrown at [./open/src/hotspot/share/interpreter/linkResolver.cpp, line
Event: 2.548 Thread 0x00000214118ec000 Exception <a 'java/lang/NoSuchMethodError'{0x0000000089f472b0}: java.lang.invoke.DirectMethodHandle$Holder.invokeInterface(Ljava/lang/Object;Ljava/lang/Object;)J> (0x0000000089f472b0) thrown at [./open/src/hotspot/share/interpreter/linkResolver.cpp, line 
Event: 2.549 Thread 0x00000214118ec000 Exception <a 'java/lang/IncompatibleClassChangeError'{0x0000000089f4a048}: Found class java.lang.Object, but interface was expected> (0x0000000089f4a048) thrown at [./open/src/hotspot/share/interpreter/linkResolver.cpp, line 838]
Event: 2.574 Thread 0x00000214118ec000 Exception <a 'java/lang/NoSuchMethodError'{0x0000000089ee0408}: java.lang.invoke.DirectMethodHandle$Holder.invokeVirtual(Ljava/lang/Object;Ljava/lang/Object;Ljava/lang/Object;Ljava/lang/Object;)Ljava/lang/Object;> (0x0000000089ee0408) thrown at [./open/sr
Event: 2.792 Thread 0x0000021470842000 Exception <a 'java/lang/IncompatibleClassChangeError'{0x00000000896680b0}: Found class java.lang.Object, but interface was expected> (0x00000000896680b0) thrown at [./open/src/hotspot/share/interpreter/linkResolver.cpp, line 838]
Event: 2.857 Thread 0x0000021470842000 Exception <a 'java/lang/NoSuchMethodError'{0x00000000895c8a68}: java.lang.invoke.DirectMethodHandle$Holder.invokeInterface(Ljava/lang/Object;Ljava/lang/Object;Ljava/lang/Object;Ljava/lang/Object;)V> (0x00000000895c8a68) thrown at [./open/src/hotspot/share

Events (10 events):
Event: 4.179 loading class org/springframework/boot/autoconfigure/web/embedded/EmbeddedWebServerFactoryCustomizerAutoConfiguration$TomcatWebServerFactoryCustomizerConfiguration
Event: 4.179 loading class org/springframework/boot/autoconfigure/web/embedded/EmbeddedWebServerFactoryCustomizerAutoConfiguration$TomcatWebServerFactoryCustomizerConfiguration done
Event: 4.180 loading class org/springframework/boot/autoconfigure/web/embedded/TomcatWebServerFactoryCustomizer
Event: 4.180 loading class org/springframework/boot/autoconfigure/web/embedded/TomcatWebServerFactoryCustomizer done
Event: 4.184 loading class org/springframework/boot/autoconfigure/web/embedded/EmbeddedWebServerFactoryCustomizerAutoConfiguration
Event: 4.185 loading class org/springframework/boot/autoconfigure/web/embedded/EmbeddedWebServerFactoryCustomizerAutoConfiguration done
Event: 4.186 loading class org/springframework/boot/autoconfigure/web/servlet/HttpEncodingAutoConfiguration
Event: 4.186 loading class org/springframework/boot/autoconfigure/web/servlet/HttpEncodingAutoConfiguration done
Event: 4.199 loading class org/springframework/boot/autoconfigure/web/servlet/MultipartProperties
Event: 4.199 loading class org/springframework/boot/autoconfigure/web/servlet/MultipartProperties done


Dynamic libraries:
0x00007ff6db840000 - 0x00007ff6db84f000 	C:\Program Files\Java\jdk-11.0.14\bin\java.exe
0x00007ffc1d270000 - 0x00007ffc1d468000 	C:\Windows\SYSTEM32\ntdll.dll
0x00007ffc1bc10000 - 0x00007ffc1bccf000 	C:\Windows\System32\KERNEL32.DLL
0x00007ffc1afe0000 - 0x00007ffc1b2b2000 	C:\Windows\System32\KERNELBASE.dll
0x00007ffc1a9c0000 - 0x00007ffc1aac0000 	C:\Windows\System32\ucrtbase.dll
0x00007ffc15e50000 - 0x00007ffc15e65000 	C:\Program Files\Java\jdk-11.0.14\bin\VCRUNTIME140.dll
0x00007ffc14500000 - 0x00007ffc14518000 	C:\Program Files\Java\jdk-11.0.14\bin\jli.dll
0x00007ffc1b3d0000 - 0x00007ffc1b47e000 	C:\Windows\System32\ADVAPI32.dll
0x00007ffc1ce90000 - 0x00007ffc1cf2e000 	C:\Windows\System32\msvcrt.dll
0x00007ffc1cf30000 - 0x00007ffc1cfcc000 	C:\Windows\System32\sechost.dll
0x00007ffc1ccb0000 - 0x00007ffc1cdd5000 	C:\Windows\System32\RPCRT4.dll
0x00007ffc1ba00000 - 0x00007ffc1bb9d000 	C:\Windows\System32\USER32.dll
0x00007ffc014f0000 - 0x00007ffc0178a000 	C:\Windows\WinSxS\amd64_microsoft.windows.common-controls_6595b64144ccf1df_6.0.19041.1110_none_60b5254171f9507e\COMCTL32.dll
0x00007ffc1ad10000 - 0x00007ffc1ad32000 	C:\Windows\System32\win32u.dll
0x00007ffc1bd90000 - 0x00007ffc1bdbb000 	C:\Windows\System32\GDI32.dll
0x00007ffc1ab50000 - 0x00007ffc1ac5f000 	C:\Windows\System32\gdi32full.dll
0x00007ffc1aea0000 - 0x00007ffc1af3d000 	C:\Windows\System32\msvcp_win.dll
0x00007ffc142f0000 - 0x00007ffc142fa000 	C:\Windows\SYSTEM32\VERSION.dll
0x00007ffc1c900000 - 0x00007ffc1c932000 	C:\Windows\System32\IMM32.DLL
0x00007ffc07bc0000 - 0x00007ffc07c5b000 	C:\Program Files\Java\jdk-11.0.14\bin\msvcp140.dll
0x00007ffbdfb00000 - 0x00007ffbe0616000 	C:\Program Files\Java\jdk-11.0.14\bin\server\jvm.dll
0x00007ffc1d0f0000 - 0x00007ffc1d0f8000 	C:\Windows\System32\PSAPI.DLL
0x00007ffc16150000 - 0x00007ffc16159000 	C:\Windows\SYSTEM32\WSOCK32.dll
0x00007ffc1bba0000 - 0x00007ffc1bc0b000 	C:\Windows\System32\WS2_32.dll
0x00007ffc06a80000 - 0x00007ffc06aa7000 	C:\Windows\SYSTEM32\WINMM.dll
0x00007ffc191c0000 - 0x00007ffc191d2000 	C:\Windows\SYSTEM32\kernel.appcore.dll
0x00007ffc16060000 - 0x00007ffc16070000 	C:\Program Files\Java\jdk-11.0.14\bin\verify.dll
0x00007ffc18710000 - 0x00007ffc188f4000 	C:\Windows\SYSTEM32\DBGHELP.DLL
0x00007ffc08580000 - 0x00007ffc085ac000 	C:\Windows\SYSTEM32\dbgcore.DLL
0x00007ffc1aac0000 - 0x00007ffc1ab42000 	C:\Windows\System32\bcryptPrimitives.dll
0x00007ffc0ac50000 - 0x00007ffc0ac78000 	C:\Program Files\Java\jdk-11.0.14\bin\java.dll
0x00007ffc16040000 - 0x00007ffc1604a000 	C:\Program Files\Java\jdk-11.0.14\bin\jimage.dll
0x00007ffc144f0000 - 0x00007ffc144fe000 	C:\Program Files\Java\jdk-11.0.14\bin\instrument.dll
0x00007ffc11d80000 - 0x00007ffc11d96000 	C:\Program Files\Java\jdk-11.0.14\bin\zip.dll
0x00007ffc1c1b0000 - 0x00007ffc1c8f3000 	C:\Windows\System32\SHELL32.dll
0x00007ffc18a10000 - 0x00007ffc191a2000 	C:\Windows\SYSTEM32\windows.storage.dll
0x00007ffc1c940000 - 0x00007ffc1cc94000 	C:\Windows\System32\combase.dll
0x00007ffc1a2f0000 - 0x00007ffc1a320000 	C:\Windows\SYSTEM32\Wldp.dll
0x00007ffc1b2c0000 - 0x00007ffc1b36d000 	C:\Windows\System32\SHCORE.dll
0x00007ffc1d100000 - 0x00007ffc1d155000 	C:\Windows\System32\shlwapi.dll
0x00007ffc1a8b0000 - 0x00007ffc1a8cf000 	C:\Windows\SYSTEM32\profapi.dll
0x00007ffc119f0000 - 0x00007ffc11a09000 	C:\Program Files\Java\jdk-11.0.14\bin\net.dll
0x00007ffc14360000 - 0x00007ffc1446c000 	C:\Windows\SYSTEM32\WINHTTP.dll
0x00007ffc1a050000 - 0x00007ffc1a0ba000 	C:\Windows\system32\mswsock.dll
0x00007ffc0a300000 - 0x00007ffc0a312000 	C:\Program Files\Java\jdk-11.0.14\bin\nio.dll
0x00007ffc0a260000 - 0x00007ffc0a27a000 	C:\Program Files\JetBrains\IntelliJ IDEA Community Edition 2022.2.2\bin\breakgen64.dll
0x00007ffc13320000 - 0x00007ffc13329000 	C:\Program Files\Java\jdk-11.0.14\bin\management.dll
0x00007ffc11d40000 - 0x00007ffc11d4b000 	C:\Program Files\Java\jdk-11.0.14\bin\management_ext.dll
0x00007ffbffa20000 - 0x00007ffbffa37000 	C:\Windows\system32\napinsp.dll
0x00007ffbff7d0000 - 0x00007ffbff7eb000 	C:\Windows\system32\pnrpnsp.dll
0x00007ffc14b50000 - 0x00007ffc14b65000 	C:\Windows\system32\wshbth.dll
0x00007ffc15e80000 - 0x00007ffc15e9d000 	C:\Windows\system32\NLAapi.dll
0x00007ffc19d40000 - 0x00007ffc19d7b000 	C:\Windows\SYSTEM32\IPHLPAPI.DLL
0x00007ffc19d80000 - 0x00007ffc19e4a000 	C:\Windows\SYSTEM32\DNSAPI.dll
0x00007ffc1b580000 - 0x00007ffc1b588000 	C:\Windows\System32\NSI.dll
0x00007ffbff7b0000 - 0x00007ffbff7c2000 	C:\Windows\System32\winrnr.dll
0x00007ffc119c0000 - 0x00007ffc119ca000 	C:\Windows\System32\rasadhlp.dll
0x00007ffc11a40000 - 0x00007ffc11ac0000 	C:\Windows\System32\fwpuclnt.dll
0x00007ffc1af40000 - 0x00007ffc1af67000 	C:\Windows\System32\bcrypt.dll

dbghelp: loaded successfully - version: 4.0.5 - missing functions: none
symbol engine: initialized successfully - sym options: 0x614 - pdb path: .;C:\Program Files\Java\jdk-11.0.14\bin;C:\Windows\SYSTEM32;C:\Windows\WinSxS\amd64_microsoft.windows.common-controls_6595b64144ccf1df_6.0.19041.1110_none_60b5254171f9507e;C:\Program Files\Java\jdk-11.0.14\bin\server;C:\Program Files\JetBrains\IntelliJ IDEA Community Edition 2022.2.2\bin

VM Arguments:
jvm_args: -javaagent:C:\Program Files\JetBrains\IntelliJ IDEA Community Edition 2022.2.2\lib\idea_rt.jar=52993:C:\Program Files\JetBrains\IntelliJ IDEA Community Edition 2022.2.2\bin -Dfile.encoding=UTF-8 
java_command: com.example.SearchEngine.SearchEngineApplication
java_class_path (initial): D:\Java\java_basics\SearchEngine\target\classes;C:\Users\Admin\.m2\repository\com\fasterxml\jackson\core\jackson-core\2.13.3\jackson-core-2.13.3.jar;C:\Users\Admin\.m2\repository\com\fasterxml\jackson\core\jackson-databind\2.13.3\jackson-databind-2.13.3.jar;C:\Users\Admin\.m2\repository\com\fasterxml\jackson\core\jackson-annotations\2.13.3\jackson-annotations-2.13.3.jar;C:\Users\Admin\.m2\repository\org\apache\lucene\morphology\morph\1.5\morph-1.5.jar;C:\Users\Admin\.m2\repository\org\apache\lucene\lucene-core\8.11.0\lucene-core-8.11.0.jar;C:\Users\Admin\.m2\repository\org\apache\lucene\lucene-analyzers-common\8.11.0\lucene-analyzers-common-8.11.0.jar;C:\Users\Admin\.m2\repository\org\apache\lucene\analysis\morphology\1.5\morphology-1.5.jar;C:\Users\Admin\.m2\repository\org\apache\lucene\morphology\dictionary-reader\1.5\dictionary-reader-1.5.jar;C:\Users\Admin\.m2\repository\org\apache\lucene\morphology\english\1.5\english-1.5.jar;C:\Users\Admin\.m2\repository\org\apache\lucene\morphology\russian\1.5\russian-1.5.jar;C:\Users\Admin\.m2\repository\org\springframework\boot\spring-boot-starter\2.7.1\spring-boot-starter-2.7.1.jar;C:\Users\Admin\.m2\repository\org\springframework\boot\spring-boot\2.7.1\spring-boot-2.7.1.jar;C:\Users\Admin\.m2\repository\org\springframework\spring-context\5.3.21\spring-context-5.3.21.jar;C:\Users\Admin\.m2\repository\org\springframework\boot\spring-boot-autoconfigure\2.7.1\spring-boot-autoconfigure-2.7.1.jar;C:\Users\Admin\.m2\repository\org\springframework\boot\spring-boot-starter-logging\2.7.1\spring-boot-starter-logging-2.7.1.jar;C:\Users\Admin\.m2\repository\ch\qos\logback\logback-classic\1.2.11\logback-classic-1.2.11.jar;C:\Users\Admin\.m2\repository\ch\qos\logback\logback-core\1.2.11\logback-core-1.2.11.jar;C:\Users\Admin\.m2\repository\org\apache\logging\log4j\log4j-to-slf4j\2.17.2\log4j-to-slf4j-2.17.2.jar;C:\Users\Admin\.m2\repository\org\apache\logging\log4j\log4j-api\2.17.2\log4j-api-2.17.2.jar;C:\Us
Launcher Type: SUN_STANDARD

[Global flags]
     intx CICompilerCount                          = 3                                         {product} {ergonomic}
     uint ConcGCThreads                            = 1                                         {product} {ergonomic}
     uint G1ConcRefinementThreads                  = 4                                         {product} {ergonomic}
   size_t G1HeapRegionSize                         = 1048576                                   {product} {ergonomic}
    uintx GCDrainStackTargetSize                   = 64                                        {product} {ergonomic}
   size_t InitialHeapSize                          = 132120576                                 {product} {ergonomic}
   size_t MarkStackSize                            = 4194304                                   {product} {ergonomic}
   size_t MaxHeapSize                              = 2086666240                                {product} {ergonomic}
   size_t MaxNewSize                               = 1251999744                                {product} {ergonomic}
   size_t MinHeapDeltaBytes                        = 1048576                                   {product} {ergonomic}
    uintx NonNMethodCodeHeapSize                   = 5830732                                {pd product} {ergonomic}
    uintx NonProfiledCodeHeapSize                  = 122913754                              {pd product} {ergonomic}
    uintx ProfiledCodeHeapSize                     = 122913754                              {pd product} {ergonomic}
    uintx ReservedCodeCacheSize                    = 251658240                              {pd product} {ergonomic}
     bool SegmentedCodeCache                       = true                                      {product} {ergonomic}
     bool UseCompressedClassPointers               = true                                 {lp64_product} {ergonomic}
     bool UseCompressedOops                        = true                                 {lp64_product} {ergonomic}
     bool UseG1GC                                  = true                                      {product} {ergonomic}
     bool UseLargePagesIndividualAllocation        = false                                  {pd product} {ergonomic}

Logging:
Log output configuration:
 #0: stdout all=warning uptime,level,tags
 #1: stderr all=off uptime,level,tags

Environment Variables:
PATH=C:\Windows\system32;C:\Windows;C:\Windows\System32\Wbem;C:\Windows\System32\WindowsPowerShell\v1.0\;C:\Windows\System32\OpenSSH\;C:\Program Files\Git\cmd;C:\Program Files\MySQL\MySQL Shell 8.0\bin\;C:\Users\Admin\AppData\Local\Microsoft\WindowsApps;C:\Users\Admin\AppData\Local\Programs\Microsoft VS Code\bin;C:\Program Files\JetBrains\IntelliJ IDEA 2022.2.2\bin;;C:\Users\Admin\AppData\Local\GitHubDesktop\bin
USERNAME=Admin
OS=Windows_NT
PROCESSOR_IDENTIFIER=Intel64 Family 6 Model 126 Stepping 5, GenuineIntel



---------------  S Y S T E M  ---------------

OS: Windows 10 , 64 bit Build 19041 (10.0.19041.2251)

CPU:total 4 (initial active 4) (2 cores per cpu, 2 threads per core) family 6 model 126 stepping 5 microcode 0xb2, cmov, cx8, fxsr, mmx, sse, sse2, sse3, ssse3, sse4.1, sse4.2, popcnt, avx, avx2, aes, clmul, erms, 3dnowpref, lzcnt, ht, tsc, tscinvbit, bmi1, bmi2, adx, evex, sha, fma

Memory: 4k page, system-wide physical 7959M (355M free)
TotalPageFile size 23250M (AvailPageFile size 10M)
current process WorkingSet (physical memory assigned to process): 165M, peak: 170M
current process commit charge ("private bytes"): 269M, peak: 271M

vm_info: Java HotSpot(TM) 64-Bit Server VM (11.0.14+8-LTS-263) for windows-amd64 JRE (11.0.14+8-LTS-263), built on Dec  7 2021 21:53:57 by "mach5one" with MS VC++ 15.9 (VS2017)

END.
